Compiled application.js  (42ms)  (pid 18609)
Compiled jquery.js  (15ms)  (pid 18609)
Compiled jquery_ujs.js  (0ms)  (pid 18609)
Compiled twitter/bootstrap.js  (23ms)  (pid 18609)
Compiled twitter/bootstrap/bootstrap-alerts.js  (0ms)  (pid 18609)
Compiled twitter/bootstrap/bootstrap-dropdown.js  (0ms)  (pid 18609)
Compiled twitter/bootstrap/bootstrap-modal.js  (4ms)  (pid 18609)
Compiled twitter/bootstrap/bootstrap-twipsy.js  (0ms)  (pid 18609)
Compiled twitter/bootstrap/bootstrap-popover.js  (0ms)  (pid 18609)
Compiled twitter/bootstrap/bootstrap-scrollspy.js  (0ms)  (pid 18609)
Compiled twitter/bootstrap/bootstrap-tabs.js  (0ms)  (pid 18609)
Compiled twitter/bootstrap/bootstrap-buttons.js  (0ms)  (pid 18609)
Compiled bootstrap.js  (78ms)  (pid 18609)
Compiled courses.js  (0ms)  (pid 18609)
Compiled home.js  (16ms)  (pid 18609)
Compiled notes.js  (8ms)  (pid 18609)
Compiled observations.js  (9ms)  (pid 18609)
Compiled observers.js  (9ms)  (pid 18609)
Compiled parallels.js  (0ms)  (pid 18609)
Compiled password_resets.js  (2ms)  (pid 18609)
Compiled peoples.js  (0ms)  (pid 18609)
Compiled users.js  (0ms)  (pid 18609)
Compiled application.css  (11ms)  (pid 18609)
Compiled twitter/bootstrap.css  (151ms)  (pid 18609)
Compiled bootstrap.css  (86ms)  (pid 18609)
Compiled courses.css  (47ms)  (pid 18609)
Compiled home.css  (16ms)  (pid 18609)
Compiled notes.css  (6ms)  (pid 18609)
Compiled observations.css  (1ms)  (pid 18609)
Compiled observers.css  (1ms)  (pid 18609)
Compiled parallels.css  (1ms)  (pid 18609)
Compiled password_resets.css  (11ms)  (pid 18609)
Compiled peoples.css  (1ms)  (pid 18609)
Compiled scaffolds.css  (1ms)  (pid 18609)
Compiled users.css  (1ms)  (pid 18609)
Compiled application.js  (49ms)  (pid 18587)
Compiled jquery.js  (16ms)  (pid 18587)
Compiled jquery_ujs.js  (0ms)  (pid 18587)
Compiled twitter/bootstrap.js  (14ms)  (pid 18587)
Compiled twitter/bootstrap/bootstrap-alerts.js  (0ms)  (pid 18587)
Compiled twitter/bootstrap/bootstrap-dropdown.js  (0ms)  (pid 18587)
Compiled twitter/bootstrap/bootstrap-modal.js  (2ms)  (pid 18587)
Compiled twitter/bootstrap/bootstrap-twipsy.js  (0ms)  (pid 18587)
Compiled twitter/bootstrap/bootstrap-popover.js  (0ms)  (pid 18587)
Compiled twitter/bootstrap/bootstrap-scrollspy.js  (0ms)  (pid 18587)
Compiled twitter/bootstrap/bootstrap-tabs.js  (0ms)  (pid 18587)
Compiled twitter/bootstrap/bootstrap-buttons.js  (0ms)  (pid 18587)
Compiled bootstrap.js  (87ms)  (pid 18587)
Compiled courses.js  (0ms)  (pid 18587)
Compiled home.js  (15ms)  (pid 18587)
Compiled notes.js  (8ms)  (pid 18587)
Compiled observations.js  (21ms)  (pid 18587)
Compiled observers.js  (6ms)  (pid 18587)
Compiled parallels.js  (0ms)  (pid 18587)
Compiled password_resets.js  (12ms)  (pid 18587)
Compiled peoples.js  (0ms)  (pid 18587)
Compiled users.js  (0ms)  (pid 18587)
Compiled application.css  (43ms)  (pid 18587)
Compiled twitter/bootstrap.css  (343ms)  (pid 18587)
Compiled bootstrap.css  (104ms)  (pid 18587)
Compiled courses.css  (67ms)  (pid 18587)
Compiled home.css  (14ms)  (pid 18587)
Compiled notes.css  (5ms)  (pid 18587)
Compiled observations.css  (10ms)  (pid 18587)
Compiled observers.css  (1ms)  (pid 18587)
Compiled parallels.css  (1ms)  (pid 18587)
Compiled password_resets.css  (11ms)  (pid 18587)
Compiled peoples.css  (1ms)  (pid 18587)
Compiled scaffolds.css  (2ms)  (pid 18587)
Compiled users.css  (1ms)  (pid 18587)
Compiled application.js  (94ms)  (pid 11212)
Compiled jquery.js  (23ms)  (pid 11212)
Compiled jquery_ujs.js  (0ms)  (pid 11212)
Compiled twitter/bootstrap.js  (25ms)  (pid 11212)
Compiled twitter/bootstrap/bootstrap-alerts.js  (0ms)  (pid 11212)
Compiled twitter/bootstrap/bootstrap-dropdown.js  (0ms)  (pid 11212)
Compiled twitter/bootstrap/bootstrap-modal.js  (1ms)  (pid 11212)
Compiled twitter/bootstrap/bootstrap-twipsy.js  (8ms)  (pid 11212)
Compiled twitter/bootstrap/bootstrap-popover.js  (0ms)  (pid 11212)
Compiled twitter/bootstrap/bootstrap-scrollspy.js  (0ms)  (pid 11212)
Compiled twitter/bootstrap/bootstrap-tabs.js  (0ms)  (pid 11212)
Compiled twitter/bootstrap/bootstrap-buttons.js  (0ms)  (pid 11212)
Compiled ckeditor/ckeditor.js  (19ms)  (pid 11212)
Compiled bootstrap.js  (104ms)  (pid 11212)
Compiled courses.js  (1ms)  (pid 11212)
Compiled home.js  (0ms)  (pid 11212)
Compiled notes.js  (0ms)  (pid 11212)
Compiled observations.js  (16ms)  (pid 11212)
Compiled observers.js  (9ms)  (pid 11212)
Compiled parallels.js  (1ms)  (pid 11212)
Compiled password_resets.js  (6ms)  (pid 11212)
Compiled peoples.js  (10ms)  (pid 11212)
Compiled users.js  (0ms)  (pid 11212)
Compiled application.css  (10ms)  (pid 11212)
Compiled twitter/bootstrap.css  (136ms)  (pid 11212)
Compiled bootstrap.css  (112ms)  (pid 11212)
Compiled courses.css  (46ms)  (pid 11212)
Compiled home.css  (15ms)  (pid 11212)
Compiled notes.css  (8ms)  (pid 11212)
Compiled observations.css  (1ms)  (pid 11212)
Compiled observers.css  (2ms)  (pid 11212)
Compiled parallels.css  (1ms)  (pid 11212)
Compiled password_resets.css  (10ms)  (pid 11212)
Compiled peoples.css  (1ms)  (pid 11212)
Compiled scaffolds.css  (2ms)  (pid 11212)
Compiled users.css  (1ms)  (pid 11212)
Compiled ckeditor/application.js  (26ms)  (pid 11212)
Compiled ckeditor/filebrowser/javascripts/jquery.min.js  (8ms)  (pid 11212)
Compiled ckeditor/filebrowser/javascripts/jquery.tmpl.min.js  (12ms)  (pid 11212)
Compiled ckeditor/filebrowser/javascripts/fileuploader.js  (13ms)  (pid 11212)
Compiled ckeditor/filebrowser/javascripts/rails.js  (5ms)  (pid 11212)
Compiled ckeditor/filebrowser/javascripts/application.js  (0ms)  (pid 11212)
Compiled ckeditor/application.css  (13ms)  (pid 11212)
Compiled ckeditor/filebrowser/stylesheets/uploader.css  (4ms)  (pid 11212)
Compiled application.js  (104ms)  (pid 11183)
Compiled jquery.js  (25ms)  (pid 11183)
Compiled jquery_ujs.js  (0ms)  (pid 11183)
Compiled twitter/bootstrap.js  (22ms)  (pid 11183)
Compiled twitter/bootstrap/bootstrap-alerts.js  (0ms)  (pid 11183)
Compiled twitter/bootstrap/bootstrap-dropdown.js  (0ms)  (pid 11183)
Compiled twitter/bootstrap/bootstrap-modal.js  (11ms)  (pid 11183)
Compiled twitter/bootstrap/bootstrap-twipsy.js  (0ms)  (pid 11183)
Compiled twitter/bootstrap/bootstrap-popover.js  (0ms)  (pid 11183)
Compiled twitter/bootstrap/bootstrap-scrollspy.js  (0ms)  (pid 11183)
Compiled twitter/bootstrap/bootstrap-tabs.js  (0ms)  (pid 11183)
Compiled twitter/bootstrap/bootstrap-buttons.js  (0ms)  (pid 11183)
Compiled ckeditor/ckeditor.js  (70ms)  (pid 11183)
Compiled bootstrap.js  (110ms)  (pid 11183)
Compiled courses.js  (66ms)  (pid 11183)
Compiled home.js  (7ms)  (pid 11183)
Compiled notes.js  (1ms)  (pid 11183)
Compiled observations.js  (27ms)  (pid 11183)
Compiled observers.js  (9ms)  (pid 11183)
Compiled parallels.js  (18ms)  (pid 11183)
Compiled password_resets.js  (39ms)  (pid 11183)
Compiled peoples.js  (44ms)  (pid 11183)
Compiled users.js  (30ms)  (pid 11183)
Compiled application.css  (22ms)  (pid 11183)
Compiled twitter/bootstrap.css  (276ms)  (pid 11183)
Compiled bootstrap.css  (99ms)  (pid 11183)
Compiled courses.css  (335ms)  (pid 11183)
Compiled home.css  (30ms)  (pid 11183)
Compiled notes.css  (19ms)  (pid 11183)
Compiled observations.css  (33ms)  (pid 11183)
Compiled observers.css  (24ms)  (pid 11183)
Compiled parallels.css  (9ms)  (pid 11183)
Compiled password_resets.css  (20ms)  (pid 11183)
Compiled peoples.css  (16ms)  (pid 11183)
Compiled scaffolds.css  (2ms)  (pid 11183)
Compiled users.css  (1ms)  (pid 11183)
Compiled ckeditor/application.js  (285ms)  (pid 11183)
Compiled ckeditor/filebrowser/javascripts/jquery.min.js  (42ms)  (pid 11183)
Compiled ckeditor/filebrowser/javascripts/jquery.tmpl.min.js  (160ms)  (pid 11183)
Compiled ckeditor/filebrowser/javascripts/fileuploader.js  (82ms)  (pid 11183)
Compiled ckeditor/filebrowser/javascripts/rails.js  (81ms)  (pid 11183)
Compiled ckeditor/filebrowser/javascripts/application.js  (118ms)  (pid 11183)
Compiled ckeditor/application.css  (44ms)  (pid 11183)
Compiled ckeditor/filebrowser/stylesheets/uploader.css  (11ms)  (pid 11183)
Compiled application.js  (14ms)  (pid 17004)
Compiled jquery.js  (2ms)  (pid 17004)
Compiled jquery_ujs.js  (0ms)  (pid 17004)
Compiled twitter/bootstrap.js  (11ms)  (pid 17004)
Compiled twitter/bootstrap/bootstrap-alerts.js  (0ms)  (pid 17004)
Compiled twitter/bootstrap/bootstrap-dropdown.js  (0ms)  (pid 17004)
Compiled twitter/bootstrap/bootstrap-modal.js  (0ms)  (pid 17004)
Compiled twitter/bootstrap/bootstrap-twipsy.js  (0ms)  (pid 17004)
Compiled twitter/bootstrap/bootstrap-popover.js  (0ms)  (pid 17004)
Compiled twitter/bootstrap/bootstrap-scrollspy.js  (0ms)  (pid 17004)
Compiled twitter/bootstrap/bootstrap-tabs.js  (0ms)  (pid 17004)
Compiled twitter/bootstrap/bootstrap-buttons.js  (0ms)  (pid 17004)
Compiled ckeditor/ckeditor.js  (6ms)  (pid 17004)
Compiled bootstrap.js  (65ms)  (pid 17004)
Compiled contact.js  (0ms)  (pid 17004)
Compiled courses.js  (0ms)  (pid 17004)
Compiled home.js  (0ms)  (pid 17004)
Compiled my_observations.js  (0ms)  (pid 17004)
Compiled notes.js  (0ms)  (pid 17004)
Compiled observations.js  (0ms)  (pid 17004)
Compiled observers.js  (0ms)  (pid 17004)
Compiled parallels.js  (0ms)  (pid 17004)
Compiled password_resets.js  (0ms)  (pid 17004)
Compiled peoples.js  (0ms)  (pid 17004)
Compiled users.js  (0ms)  (pid 17004)
Compiled application.css  (3ms)  (pid 17004)
Compiled twitter/bootstrap.css  (88ms)  (pid 17004)
Compiled bootstrap.css  (58ms)  (pid 17004)
Compiled contact.css  (1ms)  (pid 17004)
Compiled courses.css  (0ms)  (pid 17004)
Compiled home.css  (0ms)  (pid 17004)
Compiled my_observations.css  (0ms)  (pid 17004)
Compiled notes.css  (0ms)  (pid 17004)
Compiled observations.css  (0ms)  (pid 17004)
Compiled observers.css  (0ms)  (pid 17004)
Compiled parallels.css  (0ms)  (pid 17004)
Compiled password_resets.css  (0ms)  (pid 17004)
Compiled peoples.css  (0ms)  (pid 17004)
Compiled scaffolds.css  (1ms)  (pid 17004)
Compiled users.css  (0ms)  (pid 17004)
Compiled ckeditor/application.js  (6ms)  (pid 17004)
Compiled ckeditor/filebrowser/javascripts/jquery.min.js  (1ms)  (pid 17004)
Compiled ckeditor/filebrowser/javascripts/jquery.tmpl.min.js  (0ms)  (pid 17004)
Compiled ckeditor/filebrowser/javascripts/fileuploader.js  (0ms)  (pid 17004)
Compiled ckeditor/filebrowser/javascripts/rails.js  (0ms)  (pid 17004)
Compiled ckeditor/filebrowser/javascripts/application.js  (0ms)  (pid 17004)
Compiled ckeditor/application.css  (1ms)  (pid 17004)
Compiled ckeditor/filebrowser/stylesheets/uploader.css  (0ms)  (pid 17004)
Compiled application.js  (6ms)  (pid 16981)
Compiled jquery.js  (1ms)  (pid 16981)
Compiled jquery_ujs.js  (0ms)  (pid 16981)
Compiled twitter/bootstrap.js  (34ms)  (pid 16981)
Compiled twitter/bootstrap/bootstrap-alerts.js  (0ms)  (pid 16981)
Compiled twitter/bootstrap/bootstrap-dropdown.js  (0ms)  (pid 16981)
Compiled twitter/bootstrap/bootstrap-modal.js  (0ms)  (pid 16981)
Compiled twitter/bootstrap/bootstrap-twipsy.js  (0ms)  (pid 16981)
Compiled twitter/bootstrap/bootstrap-popover.js  (0ms)  (pid 16981)
Compiled twitter/bootstrap/bootstrap-scrollspy.js  (0ms)  (pid 16981)
Compiled twitter/bootstrap/bootstrap-tabs.js  (0ms)  (pid 16981)
Compiled twitter/bootstrap/bootstrap-buttons.js  (0ms)  (pid 16981)
Compiled ckeditor/ckeditor.js  (4ms)  (pid 16981)
Compiled bootstrap.js  (43ms)  (pid 16981)
Compiled contact.js  (0ms)  (pid 16981)
Compiled courses.js  (0ms)  (pid 16981)
Compiled home.js  (0ms)  (pid 16981)
Compiled my_observations.js  (0ms)  (pid 16981)
Compiled notes.js  (0ms)  (pid 16981)
Compiled observations.js  (0ms)  (pid 16981)
Compiled observers.js  (0ms)  (pid 16981)
Compiled parallels.js  (0ms)  (pid 16981)
Compiled password_resets.js  (0ms)  (pid 16981)
Compiled peoples.js  (0ms)  (pid 16981)
Compiled users.js  (0ms)  (pid 16981)
Compiled application.css  (4ms)  (pid 16981)
Compiled twitter/bootstrap.css  (65ms)  (pid 16981)
Compiled bootstrap.css  (73ms)  (pid 16981)
Compiled contact.css  (2ms)  (pid 16981)
Compiled courses.css  (0ms)  (pid 16981)
Compiled home.css  (0ms)  (pid 16981)
Compiled my_observations.css  (0ms)  (pid 16981)
Compiled notes.css  (0ms)  (pid 16981)
Compiled observations.css  (0ms)  (pid 16981)
Compiled observers.css  (0ms)  (pid 16981)
Compiled parallels.css  (0ms)  (pid 16981)
Compiled password_resets.css  (1ms)  (pid 16981)
Compiled peoples.css  (0ms)  (pid 16981)
Compiled scaffolds.css  (1ms)  (pid 16981)
Compiled users.css  (0ms)  (pid 16981)
Compiled ckeditor/application.js  (24ms)  (pid 16981)
Compiled ckeditor/filebrowser/javascripts/jquery.min.js  (11ms)  (pid 16981)
Compiled ckeditor/filebrowser/javascripts/jquery.tmpl.min.js  (1ms)  (pid 16981)
Compiled ckeditor/filebrowser/javascripts/fileuploader.js  (1ms)  (pid 16981)
Compiled ckeditor/filebrowser/javascripts/rails.js  (0ms)  (pid 16981)
Compiled ckeditor/filebrowser/javascripts/application.js  (0ms)  (pid 16981)
Compiled ckeditor/application.css  (30ms)  (pid 16981)
Compiled ckeditor/filebrowser/stylesheets/uploader.css  (37ms)  (pid 16981)
Compiled application.js  (7ms)  (pid 17302)
Compiled jquery.js  (1ms)  (pid 17302)
Compiled jquery_ujs.js  (0ms)  (pid 17302)
Compiled twitter/bootstrap.js  (6ms)  (pid 17302)
Compiled twitter/bootstrap/bootstrap-alerts.js  (0ms)  (pid 17302)
Compiled twitter/bootstrap/bootstrap-dropdown.js  (0ms)  (pid 17302)
Compiled twitter/bootstrap/bootstrap-modal.js  (0ms)  (pid 17302)
Compiled twitter/bootstrap/bootstrap-twipsy.js  (0ms)  (pid 17302)
Compiled twitter/bootstrap/bootstrap-popover.js  (0ms)  (pid 17302)
Compiled twitter/bootstrap/bootstrap-scrollspy.js  (0ms)  (pid 17302)
Compiled twitter/bootstrap/bootstrap-tabs.js  (0ms)  (pid 17302)
Compiled twitter/bootstrap/bootstrap-buttons.js  (0ms)  (pid 17302)
Compiled ckeditor/ckeditor.js  (4ms)  (pid 17302)
Compiled bootstrap.js  (38ms)  (pid 17302)
Compiled contact.js  (0ms)  (pid 17302)
Compiled courses.js  (0ms)  (pid 17302)
Compiled home.js  (0ms)  (pid 17302)
Compiled my_observations.js  (0ms)  (pid 17302)
Compiled notes.js  (0ms)  (pid 17302)
Compiled observations.js  (0ms)  (pid 17302)
Compiled observers.js  (0ms)  (pid 17302)
Compiled parallels.js  (0ms)  (pid 17302)
Compiled password_resets.js  (0ms)  (pid 17302)
Compiled peoples.js  (0ms)  (pid 17302)
Compiled users.js  (0ms)  (pid 17302)
Compiled application.css  (3ms)  (pid 17302)
Compiled twitter/bootstrap.css  (87ms)  (pid 17302)
Compiled bootstrap.css  (51ms)  (pid 17302)
Compiled contact.css  (2ms)  (pid 17302)
Compiled courses.css  (0ms)  (pid 17302)
Compiled home.css  (0ms)  (pid 17302)
Compiled my_observations.css  (0ms)  (pid 17302)
Compiled notes.css  (0ms)  (pid 17302)
Compiled observations.css  (0ms)  (pid 17302)
Compiled observers.css  (0ms)  (pid 17302)
Compiled parallels.css  (0ms)  (pid 17302)
Compiled password_resets.css  (0ms)  (pid 17302)
Compiled peoples.css  (0ms)  (pid 17302)
Compiled scaffolds.css  (1ms)  (pid 17302)
Compiled users.css  (0ms)  (pid 17302)
Compiled ckeditor/application.js  (5ms)  (pid 17302)
Compiled ckeditor/filebrowser/javascripts/jquery.min.js  (1ms)  (pid 17302)
Compiled ckeditor/filebrowser/javascripts/jquery.tmpl.min.js  (0ms)  (pid 17302)
Compiled ckeditor/filebrowser/javascripts/fileuploader.js  (0ms)  (pid 17302)
Compiled ckeditor/filebrowser/javascripts/rails.js  (0ms)  (pid 17302)
Compiled ckeditor/filebrowser/javascripts/application.js  (0ms)  (pid 17302)
Compiled ckeditor/application.css  (1ms)  (pid 17302)
Compiled ckeditor/filebrowser/stylesheets/uploader.css  (0ms)  (pid 17302)
Compiled application.js  (7ms)  (pid 17285)
Compiled jquery.js  (1ms)  (pid 17285)
Compiled jquery_ujs.js  (0ms)  (pid 17285)
Compiled twitter/bootstrap.js  (8ms)  (pid 17285)
Compiled twitter/bootstrap/bootstrap-alerts.js  (0ms)  (pid 17285)
Compiled twitter/bootstrap/bootstrap-dropdown.js  (0ms)  (pid 17285)
Compiled twitter/bootstrap/bootstrap-modal.js  (0ms)  (pid 17285)
Compiled twitter/bootstrap/bootstrap-twipsy.js  (0ms)  (pid 17285)
Compiled twitter/bootstrap/bootstrap-popover.js  (0ms)  (pid 17285)
Compiled twitter/bootstrap/bootstrap-scrollspy.js  (0ms)  (pid 17285)
Compiled twitter/bootstrap/bootstrap-tabs.js  (0ms)  (pid 17285)
Compiled twitter/bootstrap/bootstrap-buttons.js  (0ms)  (pid 17285)
Compiled ckeditor/ckeditor.js  (4ms)  (pid 17285)
Compiled bootstrap.js  (40ms)  (pid 17285)
Compiled contact.js  (0ms)  (pid 17285)
Compiled courses.js  (0ms)  (pid 17285)
Compiled home.js  (0ms)  (pid 17285)
Compiled my_observations.js  (0ms)  (pid 17285)
Compiled notes.js  (0ms)  (pid 17285)
Compiled observations.js  (0ms)  (pid 17285)
Compiled observers.js  (0ms)  (pid 17285)
Compiled parallels.js  (0ms)  (pid 17285)
Compiled password_resets.js  (0ms)  (pid 17285)
Compiled peoples.js  (0ms)  (pid 17285)
Compiled users.js  (0ms)  (pid 17285)
Compiled application.css  (3ms)  (pid 17285)
Compiled twitter/bootstrap.css  (63ms)  (pid 17285)
Compiled bootstrap.css  (50ms)  (pid 17285)
Compiled contact.css  (2ms)  (pid 17285)
Compiled courses.css  (1ms)  (pid 17285)
Compiled home.css  (1ms)  (pid 17285)
Compiled my_observations.css  (1ms)  (pid 17285)
Compiled notes.css  (1ms)  (pid 17285)
Compiled observations.css  (1ms)  (pid 17285)
Compiled observers.css  (0ms)  (pid 17285)
Compiled parallels.css  (0ms)  (pid 17285)
Compiled password_resets.css  (0ms)  (pid 17285)
Compiled peoples.css  (0ms)  (pid 17285)
Compiled scaffolds.css  (1ms)  (pid 17285)
Compiled users.css  (0ms)  (pid 17285)
Compiled ckeditor/application.js  (10ms)  (pid 17285)
Compiled ckeditor/filebrowser/javascripts/jquery.min.js  (2ms)  (pid 17285)
Compiled ckeditor/filebrowser/javascripts/jquery.tmpl.min.js  (0ms)  (pid 17285)
Compiled ckeditor/filebrowser/javascripts/fileuploader.js  (0ms)  (pid 17285)
Compiled ckeditor/filebrowser/javascripts/rails.js  (0ms)  (pid 17285)
Compiled ckeditor/filebrowser/javascripts/application.js  (0ms)  (pid 17285)
Compiled ckeditor/application.css  (2ms)  (pid 17285)
Compiled ckeditor/filebrowser/stylesheets/uploader.css  (0ms)  (pid 17285)
Compiled application.js  (7ms)  (pid 17487)
Compiled jquery.js  (1ms)  (pid 17487)
Compiled jquery_ujs.js  (0ms)  (pid 17487)
Compiled twitter/bootstrap.js  (6ms)  (pid 17487)
Compiled twitter/bootstrap/bootstrap-alerts.js  (0ms)  (pid 17487)
Compiled twitter/bootstrap/bootstrap-dropdown.js  (0ms)  (pid 17487)
Compiled twitter/bootstrap/bootstrap-modal.js  (0ms)  (pid 17487)
Compiled twitter/bootstrap/bootstrap-twipsy.js  (0ms)  (pid 17487)
Compiled twitter/bootstrap/bootstrap-popover.js  (0ms)  (pid 17487)
Compiled twitter/bootstrap/bootstrap-scrollspy.js  (0ms)  (pid 17487)
Compiled twitter/bootstrap/bootstrap-tabs.js  (0ms)  (pid 17487)
Compiled twitter/bootstrap/bootstrap-buttons.js  (0ms)  (pid 17487)
Compiled ckeditor/ckeditor.js  (4ms)  (pid 17487)
Compiled bootstrap.js  (37ms)  (pid 17487)
Compiled contact.js  (0ms)  (pid 17487)
Compiled courses.js  (0ms)  (pid 17487)
Compiled home.js  (0ms)  (pid 17487)
Compiled my_observations.js  (0ms)  (pid 17487)
Compiled notes.js  (0ms)  (pid 17487)
Compiled observations.js  (0ms)  (pid 17487)
Compiled observers.js  (0ms)  (pid 17487)
Compiled parallels.js  (0ms)  (pid 17487)
Compiled password_resets.js  (0ms)  (pid 17487)
Compiled peoples.js  (0ms)  (pid 17487)
Compiled users.js  (0ms)  (pid 17487)
Compiled application.css  (3ms)  (pid 17487)
Compiled twitter/bootstrap.css  (84ms)  (pid 17487)
Compiled bootstrap.css  (54ms)  (pid 17487)
Compiled contact.css  (1ms)  (pid 17487)
Compiled courses.css  (0ms)  (pid 17487)
Compiled home.css  (0ms)  (pid 17487)
Compiled my_observations.css  (0ms)  (pid 17487)
Compiled notes.css  (0ms)  (pid 17487)
Compiled observations.css  (0ms)  (pid 17487)
Compiled observers.css  (0ms)  (pid 17487)
Compiled parallels.css  (0ms)  (pid 17487)
Compiled password_resets.css  (0ms)  (pid 17487)
Compiled peoples.css  (0ms)  (pid 17487)
Compiled scaffolds.css  (1ms)  (pid 17487)
Compiled users.css  (0ms)  (pid 17487)
Compiled ckeditor/application.js  (5ms)  (pid 17487)
Compiled ckeditor/filebrowser/javascripts/jquery.min.js  (1ms)  (pid 17487)
Compiled ckeditor/filebrowser/javascripts/jquery.tmpl.min.js  (0ms)  (pid 17487)
Compiled ckeditor/filebrowser/javascripts/fileuploader.js  (0ms)  (pid 17487)
Compiled ckeditor/filebrowser/javascripts/rails.js  (0ms)  (pid 17487)
Compiled ckeditor/filebrowser/javascripts/application.js  (0ms)  (pid 17487)
Compiled ckeditor/application.css  (1ms)  (pid 17487)
Compiled ckeditor/filebrowser/stylesheets/uploader.css  (0ms)  (pid 17487)
Compiled application.js  (6ms)  (pid 17470)
Compiled jquery.js  (1ms)  (pid 17470)
Compiled jquery_ujs.js  (0ms)  (pid 17470)
Compiled twitter/bootstrap.js  (7ms)  (pid 17470)
Compiled twitter/bootstrap/bootstrap-alerts.js  (0ms)  (pid 17470)
Compiled twitter/bootstrap/bootstrap-dropdown.js  (0ms)  (pid 17470)
Compiled twitter/bootstrap/bootstrap-modal.js  (0ms)  (pid 17470)
Compiled twitter/bootstrap/bootstrap-twipsy.js  (0ms)  (pid 17470)
Compiled twitter/bootstrap/bootstrap-popover.js  (0ms)  (pid 17470)
Compiled twitter/bootstrap/bootstrap-scrollspy.js  (0ms)  (pid 17470)
Compiled twitter/bootstrap/bootstrap-tabs.js  (0ms)  (pid 17470)
Compiled twitter/bootstrap/bootstrap-buttons.js  (0ms)  (pid 17470)
Compiled ckeditor/ckeditor.js  (4ms)  (pid 17470)
Compiled bootstrap.js  (37ms)  (pid 17470)
Compiled contact.js  (0ms)  (pid 17470)
Compiled courses.js  (0ms)  (pid 17470)
Compiled home.js  (0ms)  (pid 17470)
Compiled my_observations.js  (1ms)  (pid 17470)
Compiled notes.js  (0ms)  (pid 17470)
Compiled observations.js  (0ms)  (pid 17470)
Compiled observers.js  (0ms)  (pid 17470)
Compiled parallels.js  (0ms)  (pid 17470)
Compiled password_resets.js  (0ms)  (pid 17470)
Compiled peoples.js  (0ms)  (pid 17470)
Compiled users.js  (0ms)  (pid 17470)
Compiled application.css  (3ms)  (pid 17470)
Compiled twitter/bootstrap.css  (69ms)  (pid 17470)
Compiled bootstrap.css  (54ms)  (pid 17470)
Compiled contact.css  (2ms)  (pid 17470)
Compiled courses.css  (0ms)  (pid 17470)
Compiled home.css  (0ms)  (pid 17470)
Compiled my_observations.css  (0ms)  (pid 17470)
Compiled notes.css  (0ms)  (pid 17470)
Compiled observations.css  (0ms)  (pid 17470)
Compiled observers.css  (0ms)  (pid 17470)
Compiled parallels.css  (0ms)  (pid 17470)
Compiled password_resets.css  (0ms)  (pid 17470)
Compiled peoples.css  (0ms)  (pid 17470)
Compiled scaffolds.css  (1ms)  (pid 17470)
Compiled users.css  (0ms)  (pid 17470)
Compiled ckeditor/application.js  (5ms)  (pid 17470)
Compiled ckeditor/filebrowser/javascripts/jquery.min.js  (1ms)  (pid 17470)
Compiled ckeditor/filebrowser/javascripts/jquery.tmpl.min.js  (0ms)  (pid 17470)
Compiled ckeditor/filebrowser/javascripts/fileuploader.js  (0ms)  (pid 17470)
Compiled ckeditor/filebrowser/javascripts/rails.js  (0ms)  (pid 17470)
Compiled ckeditor/filebrowser/javascripts/application.js  (0ms)  (pid 17470)
Compiled ckeditor/application.css  (1ms)  (pid 17470)
Compiled ckeditor/filebrowser/stylesheets/uploader.css  (0ms)  (pid 17470)
Compiled application.js  (8ms)  (pid 17668)
Compiled jquery.js  (1ms)  (pid 17668)
Compiled jquery_ujs.js  (0ms)  (pid 17668)
Compiled twitter/bootstrap.js  (9ms)  (pid 17668)
Compiled twitter/bootstrap/bootstrap-alerts.js  (0ms)  (pid 17668)
Compiled twitter/bootstrap/bootstrap-dropdown.js  (0ms)  (pid 17668)
Compiled twitter/bootstrap/bootstrap-modal.js  (0ms)  (pid 17668)
Compiled twitter/bootstrap/bootstrap-twipsy.js  (0ms)  (pid 17668)
Compiled twitter/bootstrap/bootstrap-popover.js  (0ms)  (pid 17668)
Compiled twitter/bootstrap/bootstrap-scrollspy.js  (0ms)  (pid 17668)
Compiled twitter/bootstrap/bootstrap-tabs.js  (0ms)  (pid 17668)
Compiled twitter/bootstrap/bootstrap-buttons.js  (0ms)  (pid 17668)
Compiled ckeditor/ckeditor.js  (4ms)  (pid 17668)
Compiled bootstrap.js  (37ms)  (pid 17668)
Compiled contact.js  (0ms)  (pid 17668)
Compiled courses.js  (0ms)  (pid 17668)
Compiled home.js  (0ms)  (pid 17668)
Compiled my_observations.js  (0ms)  (pid 17668)
Compiled notes.js  (0ms)  (pid 17668)
Compiled observations.js  (0ms)  (pid 17668)
Compiled observers.js  (0ms)  (pid 17668)
Compiled parallels.js  (0ms)  (pid 17668)
Compiled password_resets.js  (0ms)  (pid 17668)
Compiled peoples.js  (0ms)  (pid 17668)
Compiled users.js  (0ms)  (pid 17668)
Compiled application.css  (6ms)  (pid 17668)
Compiled twitter/bootstrap.css  (106ms)  (pid 17668)
Compiled bootstrap.css  (57ms)  (pid 17668)
Compiled contact.css  (2ms)  (pid 17668)
Compiled courses.css  (1ms)  (pid 17668)
Compiled home.css  (1ms)  (pid 17668)
Compiled my_observations.css  (1ms)  (pid 17668)
Compiled notes.css  (1ms)  (pid 17668)
Compiled observations.css  (1ms)  (pid 17668)
Compiled observers.css  (1ms)  (pid 17668)
Compiled parallels.css  (1ms)  (pid 17668)
Compiled password_resets.css  (1ms)  (pid 17668)
Compiled peoples.css  (1ms)  (pid 17668)
Compiled scaffolds.css  (2ms)  (pid 17668)
Compiled users.css  (1ms)  (pid 17668)
Compiled ckeditor/application.js  (5ms)  (pid 17668)
Compiled ckeditor/filebrowser/javascripts/jquery.min.js  (1ms)  (pid 17668)
Compiled ckeditor/filebrowser/javascripts/jquery.tmpl.min.js  (0ms)  (pid 17668)
Compiled ckeditor/filebrowser/javascripts/fileuploader.js  (0ms)  (pid 17668)
Compiled ckeditor/filebrowser/javascripts/rails.js  (0ms)  (pid 17668)
Compiled ckeditor/filebrowser/javascripts/application.js  (0ms)  (pid 17668)
Compiled ckeditor/application.css  (1ms)  (pid 17668)
Compiled ckeditor/filebrowser/stylesheets/uploader.css  (0ms)  (pid 17668)
Compiled application.js  (10ms)  (pid 17638)
Compiled jquery.js  (1ms)  (pid 17638)
Compiled jquery_ujs.js  (0ms)  (pid 17638)
Compiled twitter/bootstrap.js  (7ms)  (pid 17638)
Compiled twitter/bootstrap/bootstrap-alerts.js  (0ms)  (pid 17638)
Compiled twitter/bootstrap/bootstrap-dropdown.js  (0ms)  (pid 17638)
Compiled twitter/bootstrap/bootstrap-modal.js  (0ms)  (pid 17638)
Compiled twitter/bootstrap/bootstrap-twipsy.js  (0ms)  (pid 17638)
Compiled twitter/bootstrap/bootstrap-popover.js  (0ms)  (pid 17638)
Compiled twitter/bootstrap/bootstrap-scrollspy.js  (0ms)  (pid 17638)
Compiled twitter/bootstrap/bootstrap-tabs.js  (0ms)  (pid 17638)
Compiled twitter/bootstrap/bootstrap-buttons.js  (0ms)  (pid 17638)
Compiled ckeditor/ckeditor.js  (4ms)  (pid 17638)
Compiled bootstrap.js  (41ms)  (pid 17638)
Compiled contact.js  (0ms)  (pid 17638)
Compiled courses.js  (0ms)  (pid 17638)
Compiled home.js  (0ms)  (pid 17638)
Compiled my_observations.js  (1ms)  (pid 17638)
Compiled notes.js  (0ms)  (pid 17638)
Compiled observations.js  (0ms)  (pid 17638)
Compiled observers.js  (0ms)  (pid 17638)
Compiled parallels.js  (0ms)  (pid 17638)
Compiled password_resets.js  (0ms)  (pid 17638)
Compiled peoples.js  (0ms)  (pid 17638)
Compiled users.js  (0ms)  (pid 17638)
Compiled application.css  (4ms)  (pid 17638)
Compiled twitter/bootstrap.css  (82ms)  (pid 17638)
Compiled bootstrap.css  (64ms)  (pid 17638)
Compiled contact.css  (2ms)  (pid 17638)
Compiled courses.css  (1ms)  (pid 17638)
Compiled home.css  (1ms)  (pid 17638)
Compiled my_observations.css  (1ms)  (pid 17638)
Compiled notes.css  (1ms)  (pid 17638)
Compiled observations.css  (1ms)  (pid 17638)
Compiled observers.css  (1ms)  (pid 17638)
Compiled parallels.css  (1ms)  (pid 17638)
Compiled password_resets.css  (1ms)  (pid 17638)
Compiled peoples.css  (1ms)  (pid 17638)
Compiled scaffolds.css  (2ms)  (pid 17638)
Compiled users.css  (1ms)  (pid 17638)
Compiled ckeditor/application.js  (5ms)  (pid 17638)
Compiled ckeditor/filebrowser/javascripts/jquery.min.js  (1ms)  (pid 17638)
Compiled ckeditor/filebrowser/javascripts/jquery.tmpl.min.js  (0ms)  (pid 17638)
Compiled ckeditor/filebrowser/javascripts/fileuploader.js  (0ms)  (pid 17638)
Compiled ckeditor/filebrowser/javascripts/rails.js  (0ms)  (pid 17638)
Compiled ckeditor/filebrowser/javascripts/application.js  (0ms)  (pid 17638)
Compiled ckeditor/application.css  (2ms)  (pid 17638)
Compiled ckeditor/filebrowser/stylesheets/uploader.css  (0ms)  (pid 17638)
Migrating to CreateUsers (20111227140019)
Migrating to CreateUserSessions (20111227141236)
Migrating to AddRoleToUser (20111227173806)
Migrating to RemoveRoleToUser (20111227175934)
Migrating to AddRolesMaskToUser (20111227180118)
Migrating to RenameEmail (20111230111643)
Migrating to CreateObservations (20120102140207)
Migrating to CreateObservers (20120102142920)
Migrating to CreateNotes (20120105142306)
Migrating to AddSemesterToObservation (20120106165558)
Migrating to CreateCkeditorAssets (20120119213238)
Migrating to AddPeopleIdToUsers (20120121164718)
Migrating to ChangeObservationDateToDateTime (20120215211418)
Migrating to CreateParallels (20120215231748)
Migrating to CreateCourses (20120215231836)
Migrating to CreateRooms (20120215231847)
Migrating to CreatePeople (20120215231932)
Migrating to CreateSemesters (20120215231948)
Migrating to CreateCourseInstances (20120215232026)
Migrating to CreatePeoplesRelateds (20120217180658)
