[2012/02/25 18:36:57][message] Performing Backup for 'Description for backup (backup)'!
[2012/02/25 18:36:57][message] [ backup 3.0.23 : ruby 1.9.3p0 (2011-10-30 revision 33570) [x86_64-linux] ]
[2012/02/25 18:36:57][message] Database::MySQL started dumping and archiving 'hospitace_development'.
[2012/02/25 18:36:57][message] Using Compressor::Gzip for compression.
[2012/02/25 18:36:57][message] Packaging the backup files...
[2012/02/25 18:36:57][message] Splitter configured with a chunk size of 250MB.
[2012/02/25 18:36:57][message] Packaging Complete!
[2012/02/25 18:36:57][message] Cleaning up the temporary files...
[2012/02/25 18:36:57][message] Storage::Local started transferring '2012.02.25.18.36.57.backup.tar'.
[2012/02/25 18:36:57][message] Storage::Local: Cycling Started...
[2012/02/25 18:36:57][message] Storage::Local: Cycling Complete!
[2012/02/25 18:36:57][message] Cleaning up the package files...
[2012/02/25 18:36:57][message] Backup for 'Description for backup (backup)' Completed Successfully in 00:00:00
[2012/02/25 18:39:38][message] Performing Backup for 'Description for backup (backup)'!
[2012/02/25 18:39:38][message] [ backup 3.0.23 : ruby 1.9.3p0 (2011-10-30 revision 33570) [x86_64-linux] ]
[2012/02/25 18:39:38][message] Database::MySQL started dumping and archiving 'hospitace_development'.
[2012/02/25 18:39:38][message] Using Compressor::Gzip for compression.
[2012/02/25 18:39:38][message] Packaging the backup files...
[2012/02/25 18:39:38][message] Splitter configured with a chunk size of 250MB.
[2012/02/25 18:39:38][message] Packaging Complete!
[2012/02/25 18:39:38][message] Cleaning up the temporary files...
[2012/02/25 18:39:38][message] Storage::Local started transferring '2012.02.25.18.39.38.backup.tar'.
[2012/02/25 18:39:38][message] Storage::Local: Cycling Started...
[2012/02/25 18:39:38][message] Storage::Local: Cycling Complete!
[2012/02/25 18:39:38][message] Cleaning up the package files...
[2012/02/25 18:39:38][message] Backup for 'Description for backup (backup)' Completed Successfully in 00:00:00
[2012/02/25 18:43:47][message] Performing Backup for 'Description for backup (backup)'!
[2012/02/25 18:43:47][message] [ backup 3.0.23 : ruby 1.9.3p0 (2011-10-30 revision 33570) [x86_64-linux] ]
[2012/02/25 18:43:47][message] Database::MySQL started dumping and archiving 'hospitace_development'.
[2012/02/25 18:43:47][message] Using Compressor::Gzip for compression.
[2012/02/25 18:43:47][message] Packaging the backup files...
[2012/02/25 18:43:47][message] Splitter configured with a chunk size of 250MB.
[2012/02/25 18:43:47][message] Packaging Complete!
[2012/02/25 18:43:47][message] Cleaning up the temporary files...
[2012/02/25 18:43:47][message] Storage::Local started transferring '2012.02.25.18.43.47.backup.tar'.
[2012/02/25 18:43:47][message] Storage::Local: Cycling Started...
[2012/02/25 18:43:47][message] Storage::Local: Cycling Complete!
[2012/02/25 18:43:47][message] Cleaning up the package files...
[2012/02/25 18:43:47][message] Backup for 'Description for backup (backup)' Completed Successfully in 00:00:00
[2012/02/25 18:44:58][message] Performing Backup for 'Description for backup (backup)'!
[2012/02/25 18:44:58][message] [ backup 3.0.23 : ruby 1.9.3p0 (2011-10-30 revision 33570) [x86_64-linux] ]
[2012/02/25 18:44:58][message] Database::MySQL started dumping and archiving 'hospitace_development'.
[2012/02/25 18:44:58][message] Using Compressor::Gzip for compression.
[2012/02/25 18:44:58][message] Packaging the backup files...
[2012/02/25 18:44:58][message] Splitter configured with a chunk size of 250MB.
[2012/02/25 18:44:58][message] Packaging Complete!
[2012/02/25 18:44:58][message] Cleaning up the temporary files...
[2012/02/25 18:44:58][message] Storage::Local started transferring '2012.02.25.18.44.58.backup.tar'.
[2012/02/25 18:44:58][message] Storage::Local: Cycling Started...
[2012/02/25 18:44:58][message] Storage::Local: Cycling Complete!
[2012/02/25 18:44:58][message] Cleaning up the package files...
[2012/02/25 18:44:58][message] Backup for 'Description for backup (backup)' Completed Successfully in 00:00:00
[2012/02/25 18:45:49][message] Performing Backup for 'Description for backup (backup)'!
[2012/02/25 18:45:49][message] [ backup 3.0.23 : ruby 1.9.3p0 (2011-10-30 revision 33570) [x86_64-linux] ]
[2012/02/25 18:45:49][message] Database::MySQL started dumping and archiving 'hospitace_development'.
[2012/02/25 18:45:49][message] Using Compressor::Gzip for compression.
[2012/02/25 18:45:49][message] Packaging the backup files...
[2012/02/25 18:45:49][message] Splitter configured with a chunk size of 250MB.
[2012/02/25 18:45:49][message] Packaging Complete!
[2012/02/25 18:45:49][message] Cleaning up the temporary files...
[2012/02/25 18:45:49][message] Storage::Local started transferring '2012.02.25.18.45.49.backup.tar'.
[2012/02/25 18:45:49][message] Storage::Local: Cycling Started...
[2012/02/25 18:45:49][message] Storage::Local: Cycling Complete!
[2012/02/25 18:45:49][message] Cleaning up the package files...
[2012/02/25 18:45:49][message] Backup for 'Description for backup (backup)' Completed Successfully in 00:00:00
[2012/02/25 18:55:34][message] Performing Backup for 'Description for backup (backup)'!
[2012/02/25 18:55:34][message] [ backup 3.0.23 : ruby 1.9.3p0 (2011-10-30 revision 33570) [x86_64-linux] ]
[2012/02/25 18:55:34][message] Database::MySQL started dumping and archiving 'hospitace_development'.
[2012/02/25 18:55:34][message] Using Compressor::Gzip for compression.
[2012/02/25 18:55:34][message] Packaging the backup files...
[2012/02/25 18:55:34][message] Splitter configured with a chunk size of 250MB.
[2012/02/25 18:55:34][message] Packaging Complete!
[2012/02/25 18:55:34][message] Cleaning up the temporary files...
[2012/02/25 18:55:34][message] Storage::Local started transferring '2012.02.25.18.55.34.backup.tar'.
[2012/02/25 18:55:34][message] Storage::Local: Cycling Started...
[2012/02/25 18:55:34][message] Storage::Local: Cycling Complete!
[2012/02/25 18:55:34][message] Cleaning up the package files...
[2012/02/25 18:55:34][message] Backup for 'Description for backup (backup)' Completed Successfully in 00:00:00
[2012/02/25 19:00:57][message] Performing Backup for 'Záloha databáze (backup)'!
[2012/02/25 19:00:57][message] [ backup 3.0.23 : ruby 1.9.3p0 (2011-10-30 revision 33570) [x86_64-linux] ]
[2012/02/25 19:00:57][message] Database::MySQL started dumping and archiving 'hospitace_development'.
[2012/02/25 19:00:57][message] Using Compressor::Gzip for compression.
[2012/02/25 19:00:58][message] Packaging the backup files...
[2012/02/25 19:00:58][message] Splitter configured with a chunk size of 250MB.
[2012/02/25 19:00:58][message] Packaging Complete!
[2012/02/25 19:00:58][message] Cleaning up the temporary files...
[2012/02/25 19:00:58][message] Storage::Local started transferring '2012.02.25.19.00.57.backup.tar'.
[2012/02/25 19:00:58][message] Storage::Local: Cycling Started...
[2012/02/25 19:00:58][message] Storage::Local: Cycling Complete!
[2012/02/25 19:00:58][message] Cleaning up the package files...
[2012/02/25 19:00:58][message] Backup for 'Záloha databáze (backup)' Completed Successfully in 00:00:01
[2012/02/25 19:01:06][message] Performing Backup for 'Záloha databáze (backup)'!
[2012/02/25 19:01:06][message] [ backup 3.0.23 : ruby 1.9.3p0 (2011-10-30 revision 33570) [x86_64-linux] ]
[2012/02/25 19:01:06][message] Database::MySQL started dumping and archiving 'hospitace_development'.
[2012/02/25 19:01:06][message] Using Compressor::Gzip for compression.
[2012/02/25 19:01:07][message] Packaging the backup files...
[2012/02/25 19:01:07][message] Splitter configured with a chunk size of 250MB.
[2012/02/25 19:01:07][message] Packaging Complete!
[2012/02/25 19:01:07][message] Cleaning up the temporary files...
[2012/02/25 19:01:07][message] Storage::Local started transferring '2012.02.25.19.01.06.backup.tar'.
[2012/02/25 19:01:07][message] Storage::Local: Cycling Started...
[2012/02/25 19:01:07][message] Storage::Local: Cycling Complete!
[2012/02/25 19:01:07][message] Cleaning up the package files...
[2012/02/25 19:01:07][message] Backup for 'Záloha databáze (backup)' Completed Successfully in 00:00:01
