Compiled application.js  (42ms)  (pid 18609)
Compiled jquery.js  (15ms)  (pid 18609)
Compiled jquery_ujs.js  (0ms)  (pid 18609)
Compiled twitter/bootstrap.js  (23ms)  (pid 18609)
Compiled twitter/bootstrap/bootstrap-alerts.js  (0ms)  (pid 18609)
Compiled twitter/bootstrap/bootstrap-dropdown.js  (0ms)  (pid 18609)
Compiled twitter/bootstrap/bootstrap-modal.js  (4ms)  (pid 18609)
Compiled twitter/bootstrap/bootstrap-twipsy.js  (0ms)  (pid 18609)
Compiled twitter/bootstrap/bootstrap-popover.js  (0ms)  (pid 18609)
Compiled twitter/bootstrap/bootstrap-scrollspy.js  (0ms)  (pid 18609)
Compiled twitter/bootstrap/bootstrap-tabs.js  (0ms)  (pid 18609)
Compiled twitter/bootstrap/bootstrap-buttons.js  (0ms)  (pid 18609)
Compiled bootstrap.js  (78ms)  (pid 18609)
Compiled courses.js  (0ms)  (pid 18609)
Compiled home.js  (16ms)  (pid 18609)
Compiled notes.js  (8ms)  (pid 18609)
Compiled observations.js  (9ms)  (pid 18609)
Compiled observers.js  (9ms)  (pid 18609)
Compiled parallels.js  (0ms)  (pid 18609)
Compiled password_resets.js  (2ms)  (pid 18609)
Compiled peoples.js  (0ms)  (pid 18609)
Compiled users.js  (0ms)  (pid 18609)
Compiled application.css  (11ms)  (pid 18609)
Compiled twitter/bootstrap.css  (151ms)  (pid 18609)
Compiled bootstrap.css  (86ms)  (pid 18609)
Compiled courses.css  (47ms)  (pid 18609)
Compiled home.css  (16ms)  (pid 18609)
Compiled notes.css  (6ms)  (pid 18609)
Compiled observations.css  (1ms)  (pid 18609)
Compiled observers.css  (1ms)  (pid 18609)
Compiled parallels.css  (1ms)  (pid 18609)
Compiled password_resets.css  (11ms)  (pid 18609)
Compiled peoples.css  (1ms)  (pid 18609)
Compiled scaffolds.css  (1ms)  (pid 18609)
Compiled users.css  (1ms)  (pid 18609)
Compiled application.js  (49ms)  (pid 18587)
Compiled jquery.js  (16ms)  (pid 18587)
Compiled jquery_ujs.js  (0ms)  (pid 18587)
Compiled twitter/bootstrap.js  (14ms)  (pid 18587)
Compiled twitter/bootstrap/bootstrap-alerts.js  (0ms)  (pid 18587)
Compiled twitter/bootstrap/bootstrap-dropdown.js  (0ms)  (pid 18587)
Compiled twitter/bootstrap/bootstrap-modal.js  (2ms)  (pid 18587)
Compiled twitter/bootstrap/bootstrap-twipsy.js  (0ms)  (pid 18587)
Compiled twitter/bootstrap/bootstrap-popover.js  (0ms)  (pid 18587)
Compiled twitter/bootstrap/bootstrap-scrollspy.js  (0ms)  (pid 18587)
Compiled twitter/bootstrap/bootstrap-tabs.js  (0ms)  (pid 18587)
Compiled twitter/bootstrap/bootstrap-buttons.js  (0ms)  (pid 18587)
Compiled bootstrap.js  (87ms)  (pid 18587)
Compiled courses.js  (0ms)  (pid 18587)
Compiled home.js  (15ms)  (pid 18587)
Compiled notes.js  (8ms)  (pid 18587)
Compiled observations.js  (21ms)  (pid 18587)
Compiled observers.js  (6ms)  (pid 18587)
Compiled parallels.js  (0ms)  (pid 18587)
Compiled password_resets.js  (12ms)  (pid 18587)
Compiled peoples.js  (0ms)  (pid 18587)
Compiled users.js  (0ms)  (pid 18587)
Compiled application.css  (43ms)  (pid 18587)
Compiled twitter/bootstrap.css  (343ms)  (pid 18587)
Compiled bootstrap.css  (104ms)  (pid 18587)
Compiled courses.css  (67ms)  (pid 18587)
Compiled home.css  (14ms)  (pid 18587)
Compiled notes.css  (5ms)  (pid 18587)
Compiled observations.css  (10ms)  (pid 18587)
Compiled observers.css  (1ms)  (pid 18587)
Compiled parallels.css  (1ms)  (pid 18587)
Compiled password_resets.css  (11ms)  (pid 18587)
Compiled peoples.css  (1ms)  (pid 18587)
Compiled scaffolds.css  (2ms)  (pid 18587)
Compiled users.css  (1ms)  (pid 18587)
Compiled application.js  (94ms)  (pid 11212)
Compiled jquery.js  (23ms)  (pid 11212)
Compiled jquery_ujs.js  (0ms)  (pid 11212)
Compiled twitter/bootstrap.js  (25ms)  (pid 11212)
Compiled twitter/bootstrap/bootstrap-alerts.js  (0ms)  (pid 11212)
Compiled twitter/bootstrap/bootstrap-dropdown.js  (0ms)  (pid 11212)
Compiled twitter/bootstrap/bootstrap-modal.js  (1ms)  (pid 11212)
Compiled twitter/bootstrap/bootstrap-twipsy.js  (8ms)  (pid 11212)
Compiled twitter/bootstrap/bootstrap-popover.js  (0ms)  (pid 11212)
Compiled twitter/bootstrap/bootstrap-scrollspy.js  (0ms)  (pid 11212)
Compiled twitter/bootstrap/bootstrap-tabs.js  (0ms)  (pid 11212)
Compiled twitter/bootstrap/bootstrap-buttons.js  (0ms)  (pid 11212)
Compiled ckeditor/ckeditor.js  (19ms)  (pid 11212)
Compiled bootstrap.js  (104ms)  (pid 11212)
Compiled courses.js  (1ms)  (pid 11212)
Compiled home.js  (0ms)  (pid 11212)
Compiled notes.js  (0ms)  (pid 11212)
Compiled observations.js  (16ms)  (pid 11212)
Compiled observers.js  (9ms)  (pid 11212)
Compiled parallels.js  (1ms)  (pid 11212)
Compiled password_resets.js  (6ms)  (pid 11212)
Compiled peoples.js  (10ms)  (pid 11212)
Compiled users.js  (0ms)  (pid 11212)
Compiled application.css  (10ms)  (pid 11212)
Compiled twitter/bootstrap.css  (136ms)  (pid 11212)
Compiled bootstrap.css  (112ms)  (pid 11212)
Compiled courses.css  (46ms)  (pid 11212)
Compiled home.css  (15ms)  (pid 11212)
Compiled notes.css  (8ms)  (pid 11212)
Compiled observations.css  (1ms)  (pid 11212)
Compiled observers.css  (2ms)  (pid 11212)
Compiled parallels.css  (1ms)  (pid 11212)
Compiled password_resets.css  (10ms)  (pid 11212)
Compiled peoples.css  (1ms)  (pid 11212)
Compiled scaffolds.css  (2ms)  (pid 11212)
Compiled users.css  (1ms)  (pid 11212)
Compiled ckeditor/application.js  (26ms)  (pid 11212)
Compiled ckeditor/filebrowser/javascripts/jquery.min.js  (8ms)  (pid 11212)
Compiled ckeditor/filebrowser/javascripts/jquery.tmpl.min.js  (12ms)  (pid 11212)
Compiled ckeditor/filebrowser/javascripts/fileuploader.js  (13ms)  (pid 11212)
Compiled ckeditor/filebrowser/javascripts/rails.js  (5ms)  (pid 11212)
Compiled ckeditor/filebrowser/javascripts/application.js  (0ms)  (pid 11212)
Compiled ckeditor/application.css  (13ms)  (pid 11212)
Compiled ckeditor/filebrowser/stylesheets/uploader.css  (4ms)  (pid 11212)
Compiled application.js  (104ms)  (pid 11183)
Compiled jquery.js  (25ms)  (pid 11183)
Compiled jquery_ujs.js  (0ms)  (pid 11183)
Compiled twitter/bootstrap.js  (22ms)  (pid 11183)
Compiled twitter/bootstrap/bootstrap-alerts.js  (0ms)  (pid 11183)
Compiled twitter/bootstrap/bootstrap-dropdown.js  (0ms)  (pid 11183)
Compiled twitter/bootstrap/bootstrap-modal.js  (11ms)  (pid 11183)
Compiled twitter/bootstrap/bootstrap-twipsy.js  (0ms)  (pid 11183)
Compiled twitter/bootstrap/bootstrap-popover.js  (0ms)  (pid 11183)
Compiled twitter/bootstrap/bootstrap-scrollspy.js  (0ms)  (pid 11183)
Compiled twitter/bootstrap/bootstrap-tabs.js  (0ms)  (pid 11183)
Compiled twitter/bootstrap/bootstrap-buttons.js  (0ms)  (pid 11183)
Compiled ckeditor/ckeditor.js  (70ms)  (pid 11183)
Compiled bootstrap.js  (110ms)  (pid 11183)
Compiled courses.js  (66ms)  (pid 11183)
Compiled home.js  (7ms)  (pid 11183)
Compiled notes.js  (1ms)  (pid 11183)
Compiled observations.js  (27ms)  (pid 11183)
Compiled observers.js  (9ms)  (pid 11183)
Compiled parallels.js  (18ms)  (pid 11183)
Compiled password_resets.js  (39ms)  (pid 11183)
Compiled peoples.js  (44ms)  (pid 11183)
Compiled users.js  (30ms)  (pid 11183)
Compiled application.css  (22ms)  (pid 11183)
Compiled twitter/bootstrap.css  (276ms)  (pid 11183)
Compiled bootstrap.css  (99ms)  (pid 11183)
Compiled courses.css  (335ms)  (pid 11183)
Compiled home.css  (30ms)  (pid 11183)
Compiled notes.css  (19ms)  (pid 11183)
Compiled observations.css  (33ms)  (pid 11183)
Compiled observers.css  (24ms)  (pid 11183)
Compiled parallels.css  (9ms)  (pid 11183)
Compiled password_resets.css  (20ms)  (pid 11183)
Compiled peoples.css  (16ms)  (pid 11183)
Compiled scaffolds.css  (2ms)  (pid 11183)
Compiled users.css  (1ms)  (pid 11183)
Compiled ckeditor/application.js  (285ms)  (pid 11183)
Compiled ckeditor/filebrowser/javascripts/jquery.min.js  (42ms)  (pid 11183)
Compiled ckeditor/filebrowser/javascripts/jquery.tmpl.min.js  (160ms)  (pid 11183)
Compiled ckeditor/filebrowser/javascripts/fileuploader.js  (82ms)  (pid 11183)
Compiled ckeditor/filebrowser/javascripts/rails.js  (81ms)  (pid 11183)
Compiled ckeditor/filebrowser/javascripts/application.js  (118ms)  (pid 11183)
Compiled ckeditor/application.css  (44ms)  (pid 11183)
Compiled ckeditor/filebrowser/stylesheets/uploader.css  (11ms)  (pid 11183)
