\BOOKMARK [0][-]{chapter.1}{\376\377\000\332\000v\000o\000d}{}
\BOOKMARK [0][-]{chapter.2}{\376\377\000P\000o\000p\000i\000s\000\040\000p\000r\000o\000b\000l\000\351\000m\000u\000,\000\040\000s\000p\000e\000c\000i\000f\000i\000k\000a\000c\000e\000\040\000c\000\355\000l\000e}{}
\BOOKMARK [1][-]{section.2.1}{\376\377\000M\000o\000t\000i\000v\000a\000c\000e}{chapter.2}
\BOOKMARK [1][-]{section.2.2}{\376\377\000C\000\355\000l\000e\000\040\000p\000r\000\341\000c\000e}{chapter.2}
\BOOKMARK [1][-]{section.2.3}{\376\377\000R\000e\001\141\000e\000r\001\141\000e}{chapter.2}
\BOOKMARK [2][-]{subsection.2.3.1}{\376\377\000P\000r\000o\000t\000o\000t\000y\000p}{section.2.3}
\BOOKMARK [2][-]{subsection.2.3.2}{\376\377\000P\000l\000\341\000n\000o\000v\000\341\000n\000\355\000\040\000h\000o\000s\000p\000i\000t\000a\000c\000\355}{section.2.3}
\BOOKMARK [2][-]{subsection.2.3.3}{\376\377\000P\000r\000o\000v\000e\000d\000e\000n\000\355\000\040\000h\000o\000s\000p\000i\000t\000a\000c\000e}{section.2.3}
\BOOKMARK [2][-]{subsection.2.3.4}{\376\377\000H\000o\000d\000n\000o\000c\000e\000n\000\355\000\040\000v\000\375\000u\000k\000y}{section.2.3}
\BOOKMARK [0][-]{chapter.3}{\376\377\000A\000n\000a\000l\000\375\000z\000a\000\040\000a\000\040\000n\000\341\000v\000r\000h\000\040\001\131\000e\001\141\000e\000n\000\355}{}
\BOOKMARK [1][-]{section.3.1}{\376\377\000P\000o\001\176\000a\000d\000a\000v\000k\000y}{chapter.3}
\BOOKMARK [2][-]{subsection.3.1.1}{\376\377\000O\000b\000e\000c\000n\000\351\000\040\000p\000o\001\176\000a\000d\000a\000v\000k\000y}{section.3.1}
\BOOKMARK [2][-]{subsection.3.1.2}{\376\377\000F\000u\000n\000k\001\015\000n\000\355\000\040\000p\000o\001\176\000a\000d\000a\000v\000k\000y}{section.3.1}
\BOOKMARK [1][-]{section.3.2}{\376\377\000U\001\176\000i\000v\000a\000t\000e\000l\000s\000k\000\351\000\040\000r\000o\000l\000e}{chapter.3}
\BOOKMARK [2][-]{subsection.3.2.1}{\376\377\000N\000e\000p\001\131\000i\000h\000l\000\341\001\141\000e\000n\000\375\000\040\000u\001\176\000i\000v\000a\000t\000e\000l}{section.3.2}
\BOOKMARK [2][-]{subsection.3.2.2}{\376\377\000P\001\131\000i\000h\000l\000\341\001\141\000e\000n\000\375\000\040\000u\001\176\000i\000v\000a\000t\000e\000l}{section.3.2}
\BOOKMARK [2][-]{subsection.3.2.3}{\376\377\000H\000o\000s\000p\000i\000t\000o\000v\000a\000n\000\375}{section.3.2}
\BOOKMARK [2][-]{subsection.3.2.4}{\376\377\000H\000o\000s\000p\000i\000t\000u\000j\000\355\000c\000\355}{section.3.2}
\BOOKMARK [2][-]{subsection.3.2.5}{\376\377\000A\000d\000m\000i\000n\000i\000s\000t\000r\000\341\000t\000o\000r\000\040\000h\000o\000s\000p\000i\000t\000a\000c\000\355}{section.3.2}
\BOOKMARK [2][-]{subsection.3.2.6}{\376\377\000A\000d\000m\000i\000n\000i\000s\000t\000r\000\341\000t\000o\000r}{section.3.2}
\BOOKMARK [1][-]{section.3.3}{\376\377\000D\000o\000m\000\351\000n\000o\000v\000\375\000\040\000m\000o\000d\000e\000l}{chapter.3}
\BOOKMARK [2][-]{subsection.3.3.1}{\376\377\000D\000o\000m\000\351\000n\000y\000\040\000z\000\040\000K\000O\000S\000a\000p\000i}{section.3.3}
\BOOKMARK [2][-]{subsection.3.3.2}{\376\377\000D\000o\000m\000\351\000n\000y\000\040\000a\000p\000l\000i\000k\000a\000c\000e}{section.3.3}
\BOOKMARK [1][-]{section.3.4}{\376\377\001\175\000i\000v\000o\000t\000n\000\355\000\040\000c\000y\000k\000l\000u\000s\000\040\000h\000o\000s\000p\000i\000t\000a\000c\000e}{chapter.3}
\BOOKMARK [2][-]{subsection.3.4.1}{\376\377\000V\000y\000t\000v\000o\001\131\000e\000n\000\355}{section.3.4}
\BOOKMARK [2][-]{subsection.3.4.2}{\376\377\000N\000a\000p\000l\000\341\000n\000o\000v\000\341\000n\000\355}{section.3.4}
\BOOKMARK [2][-]{subsection.3.4.3}{\376\377\000H\000o\000d\000n\000o\000c\000e\000n\000\355}{section.3.4}
\BOOKMARK [1][-]{section.3.5}{\376\377\000T\000e\000c\000h\000n\000o\000l\000o\000g\000i\000e}{chapter.3}
\BOOKMARK [2][-]{subsection.3.5.1}{\376\377\000R\000u\000b\000y\000\040\000o\000n\000\040\000R\000a\000i\000l\000s}{section.3.5}
\BOOKMARK [2][-]{subsection.3.5.2}{\376\377\000K\000O\000S\000a\000p\000i}{section.3.5}
\BOOKMARK [2][-]{subsection.3.5.3}{\376\377\000F\000E\000L\000i\000d}{section.3.5}
\BOOKMARK [2][-]{subsection.3.5.4}{\376\377\000A\000p\000l\000i\000k\000a\001\015\000n\000\355\000\040\000s\000e\000r\000v\000e\000r}{section.3.5}
\BOOKMARK [2][-]{subsection.3.5.5}{\376\377\000D\000a\000t\000a\000b\000\341\000z\000e}{section.3.5}
\BOOKMARK [1][-]{section.3.6}{\376\377\000A\000r\000c\000h\000i\000t\000e\000k\000t\000u\000r\000a}{chapter.3}
\BOOKMARK [2][-]{subsection.3.6.1}{\376\377\000M\000V\000C}{section.3.6}
\BOOKMARK [2][-]{subsection.3.6.2}{\376\377\000D\000R\000Y}{section.3.6}
\BOOKMARK [2][-]{subsection.3.6.3}{\376\377\000C\000o\000C}{section.3.6}
\BOOKMARK [2][-]{subsection.3.6.4}{\376\377\000R\000E\000S\000T}{section.3.6}
\BOOKMARK [0][-]{chapter.4}{\376\377\000R\000e\000a\000l\000i\000z\000a\000c\000e}{}
\BOOKMARK [1][-]{section.4.1}{\376\377\000P\000r\000v\000n\000\355\000\040\000i\000t\000e\000r\000a\000c\000e}{chapter.4}
\BOOKMARK [2][-]{subsection.4.1.1}{\376\377\000C\000\355\000l}{section.4.1}
\BOOKMARK [2][-]{subsection.4.1.2}{\376\377\000P\000o\000s\000t\000u\000p}{section.4.1}
\BOOKMARK [3][-]{subsubsection.4.1.2.1}{\376\377\000D\000a\000t\000o\000v\000\341\000\040\000v\000r\000s\000t\000v\000a}{subsection.4.1.2}
\BOOKMARK [3][-]{subsubsection.4.1.2.2}{\376\377\000A\000u\000t\000e\000n\000t\000i\000z\000a\000c\000e\000\040\000a\000\040\000a\000u\000t\000o\000r\000i\000z\000a\000c\000e}{subsection.4.1.2}
\BOOKMARK [3][-]{subsubsection.4.1.2.3}{\376\377\000U\001\176\000i\000v\000a\000t\000e\000l\000s\000k\000\351\000\040\000p\000r\000o\000s\000t\001\131\000e\000d\000\355}{subsection.4.1.2}
\BOOKMARK [2][-]{subsection.4.1.3}{\376\377\000V\000\375\000s\000t\000u\000p}{section.4.1}
\BOOKMARK [0][-]{chapter.5}{\376\377\000T\000e\000s\000t\000o\000v\000\341\000n\000\355}{}
\BOOKMARK [0][-]{chapter.6}{\376\377\000Z\000\341\000v\001\033\000r}{}
